Request method:	GET
Request URI:	https://postman-echo.com/get
Proxy:			<none>
Request params:	<none>
Query params:	<none>
Form params:	<none>
Path params:	<none>
Headers:		Accept=*/*
Cookies:		<none>
Multiparts:		<none>
Body:			<none>
HTTP/1.1 200 OK
Date: Mon, 11 Sep 2023 10:36:13 GMT
Content-Type: application/json; charset=utf-8
Content-Length: 363
Connection: keep-alive
ETag: W/"16b-X1p3RGaCjkC0xnho3eHvZl6aVUQ"
set-cookie: sails.sid=s%3AWdaI9YwzeWPUtpHpydRRgoDfbFET4EYh.Ugp672vkIxaz4bUOHviu04Rn0vUIMITCw9%2FGj1NyyFM; Path=/; HttpOnly

{
    "args": {
        
    },
    "headers": {
        "x-forwarded-proto": "https",
        "x-forwarded-port": "443",
        "host": "postman-echo.com",
        "x-amzn-trace-id": "Root=1-64feed9d-2749bd9e0f951f1e2ca4b469",
        "accept": "*/*",
        "user-agent": "Apache-HttpClient/4.5.13 (Java/1.8.0_202)",
        "accept-encoding": "gzip,deflate"
    },
    "url": "https://postman-echo.com/get"
}
