Request method:	GET
Request URI:	https://postman-echo.com/get
Proxy:			<none>
Request params:	<none>
Query params:	<none>
Form params:	<none>
Path params:	<none>
Headers:		Accept=*/*
Cookies:		<none>
Multiparts:		<none>
Body:			<none>
HTTP/1.1 200 OK
Date: Mon, 11 Sep 2023 10:53:23 GMT
Content-Type: application/json; charset=utf-8
Content-Length: 363
Connection: keep-alive
ETag: W/"16b-6HAFlAPYsz5paBbGXpE7ffmovQU"
set-cookie: sails.sid=s%3AU49VjrYeJdfCqD-prnIUgGu831QT8FV2.KWp8xt%2BkCvxa1kghLzEofksLsLBIQfN2%2BAphRReHAjI; Path=/; HttpOnly

{
    "args": {
        
    },
    "headers": {
        "x-forwarded-proto": "https",
        "x-forwarded-port": "443",
        "host": "postman-echo.com",
        "x-amzn-trace-id": "Root=1-64fef1a3-1aa403fa104d4ce02f3e46c1",
        "accept": "*/*",
        "user-agent": "Apache-HttpClient/4.5.13 (Java/1.8.0_202)",
        "accept-encoding": "gzip,deflate"
    },
    "url": "https://postman-echo.com/get"
}
