Request method:	GET
Request URI:	https://postman-echo.com/get
Proxy:			<none>
Request params:	<none>
Query params:	<none>
Form params:	<none>
Path params:	<none>
Headers:		Accept=*/*
Cookies:		<none>
Multiparts:		<none>
Body:			<none>
HTTP/1.1 200 OK
Date: Fri, 13 Oct 2023 10:10:14 GMT
Content-Type: application/json; charset=utf-8
Content-Length: 363
Connection: keep-alive
ETag: W/"16b-pOgBSiLRFHyb99Rtep50V44jVG8"
set-cookie: sails.sid=s%3A7sKB_ycViydoFziFZuXZQCYcPXXnG8ML.GFBDMySVtJ0XYjU%2BIiYsPlQrC2nxLKVswVIjyxUDpDI; Path=/; HttpOnly

{
    "args": {
        
    },
    "headers": {
        "x-forwarded-proto": "https",
        "x-forwarded-port": "443",
        "host": "postman-echo.com",
        "x-amzn-trace-id": "Root=1-65291786-793a7b59020099f105d8c970",
        "accept": "*/*",
        "user-agent": "Apache-HttpClient/4.5.13 (Java/1.8.0_202)",
        "accept-encoding": "gzip,deflate"
    },
    "url": "https://postman-echo.com/get"
}
